<?xml version="1.0" encoding="UTF-8"?>
<!-- Generated by org.testng.reporters.JUnitReportReporter -->
<testsuite hostname="SeenaReddy" failures="0" tests="1" name="com.testscenarios.ClassTemplate" time="0.148" errors="0" timestamp="2023-02-18T12:37:17 CST" skipped="0">
  <testcase classname="com.testscenarios.ClassTemplate" name="f" time="0.148"/>
  <system-out/>
</testsuite> <!-- com.testscenarios.ClassTemplate -->
