<?xml version="1.0" encoding="UTF-8"?>
<!-- Generated by org.testng.reporters.JUnitReportReporter -->
<testsuite hostname="SeenaReddy" failures="0" tests="1" name="com.testscenarios.ClassTemplate2" time="1.551" errors="0" timestamp="2023-03-06T23:48:54 CST" skipped="0">
  <testcase classname="com.testscenarios.ClassTemplate2" name="f" time="1.551"/>
  <system-out/>
</testsuite> <!-- com.testscenarios.ClassTemplate2 -->
