<?xml version="1.0" encoding="UTF-8"?>
<!-- Generated by org.testng.reporters.JUnitReportReporter -->
<testsuite hostname="SeenaReddy" failures="0" tests="1" name="com.testscenarios.ClassTemplate3" time="1.863" errors="0" timestamp="2023-04-09T22:26:18 CDT" skipped="0">
  <testcase classname="com.testscenarios.ClassTemplate3" name="f" time="1.863"/>
  <system-out/>
</testsuite> <!-- com.testscenarios.ClassTemplate3 -->
